Arguments: 
  /home/bouasli/.nvm/versions/node/v14.20.0/bin/node /home/bouasli/.nvm/versions/node/v14.20.0/bin/yarn add @types/thomasbouasli__ddd-utils -D

PATH: 
  /home/bouasli/.bun/bin:/home/bouasli/.bun/bin:/home/bouasli/.bun/bin:/home/bouasli/.sdkman/candidates/java/current/bin:/home/bouasli/.nvm/versions/node/v14.20.0/bin:/home/bouasli/.local/bin:/usr/local/sbin:/usr/local/bin:/usr/sbin:/usr/bin:/sbin:/bin:/usr/games:/usr/local/games:/snap/bin:/home/bouasli/.dotnet/tools:/home/bouasli/.bin:/home/bouasli/.bin:/home/bouasli/.bin

Yarn version: 
  1.22.19

Node version: 
  14.20.0

Platform: 
  linux x64

Trace: 
  Error: https://registry.yarnpkg.com/@types%2fthomasbouasli__ddd-utils: Not found
      at Request.params.callback [as _callback] (/home/bouasli/.nvm/versions/node/v14.20.0/lib/node_modules/yarn/lib/cli.js:66145:18)
      at Request.self.callback (/home/bouasli/.nvm/versions/node/v14.20.0/lib/node_modules/yarn/lib/cli.js:140890:22)
      at Request.emit (events.js:400:28)
      at Request.<anonymous> (/home/bouasli/.nvm/versions/node/v14.20.0/lib/node_modules/yarn/lib/cli.js:141862:10)
      at Request.emit (events.js:400:28)
      at IncomingMessage.<anonymous> (/home/bouasli/.nvm/versions/node/v14.20.0/lib/node_modules/yarn/lib/cli.js:141784:12)
      at Object.onceWrapper (events.js:519:28)
      at IncomingMessage.emit (events.js:412:35)
      at endReadableNT (internal/streams/readable.js:1333:12)
      at processTicksAndRejections (internal/process/task_queues.js:82:21)

npm manifest: 
  {
    "name": "white-label-vanilla",
    "version": "1.0.0",
    "main": "index.js",
    "repository": "https://github.com/ThomasBouasli/white-label-vanilla.git",
    "author": "Thomas Bouasli <thomas.bouasli@gmail.com>",
    "license": "MIT",
    "devDependencies": {
      "@types/node": "^18.11.18",
      "typescript": "^4.9.4"
    },
    "dependencies": {
      "@thomasbouasli/ddd-utils": "^1.0.4"
    }
  }

yarn manifest: 
  No manifest

Lockfile: 
  # THIS IS AN AUTOGENERATED FILE. DO NOT EDIT THIS FILE DIRECTLY.
  # yarn lockfile v1
  
  
  "@thomasbouasli/ddd-utils@^1.0.4":
    version "1.0.4"
    resolved "https://registry.yarnpkg.com/@thomasbouasli/ddd-utils/-/ddd-utils-1.0.4.tgz#702d74f9bf5ea6cf73714f904e4caa569f838111"
    integrity sha512-ewMyOt8lmQWs/ttdfajuSU9BFOXtgdDSMMW+UazOX9RvHa6uusDYejEiNYVLlvmKKzwLP8821O4qgCokRguWqQ==
    dependencies:
      shallow-equal-object "^1.1.1"
      uuid "^9.0.0"
  
  "@types/node@^18.11.18":
    version "18.11.18"
    resolved "https://registry.yarnpkg.com/@types/node/-/node-18.11.18.tgz#8dfb97f0da23c2293e554c5a50d61ef134d7697f"
    integrity sha512-DHQpWGjyQKSHj3ebjFI/wRKcqQcdR+MoFBygntYOZytCqNfkd2ZC4ARDJ2DQqhjH5p85Nnd3jhUJIXrszFX/JA==
  
  shallow-equal-object@^1.1.1:
    version "1.1.1"
    resolved "https://registry.yarnpkg.com/shallow-equal-object/-/shallow-equal-object-1.1.1.tgz#0c016b8cc16dc59ab76739b6eeaa9c99d68beef7"
    integrity sha512-9DDzYRlzCwF2CemeF0aOFk5T5KMrjG7HldcW7utwYhA/limuGHn3No8KhpDE8BrO7GLaSRJumNKReipZBybd7A==
  
  typescript@^4.9.4:
    version "4.9.4"
    resolved "https://registry.yarnpkg.com/typescript/-/typescript-4.9.4.tgz#a2a3d2756c079abda241d75f149df9d561091e78"
    integrity sha512-Uz+dTXYzxXXbsFpM86Wh3dKCxrQqUcVMxwU54orwlJjOpO3ao8L7j5lH+dWfTwgCwIuM9GQ2kvVotzYJMXTBZg==
  
  uuid@^9.0.0:
    version "9.0.0"
    resolved "https://registry.yarnpkg.com/uuid/-/uuid-9.0.0.tgz#592f550650024a38ceb0c562f2f6aa435761efb5"
    integrity sha512-MXcSTerfPa4uqyzStbRoTgt5XIe3x5+42+q1sDuy3R5MDk66URdLMOZe5aPX/SQd+kuYAh0FdP/pO28IkQyTeg==
